#
# There is insufficient memory for the Java Runtime Environment to continue.
# Native memory allocation (malloc) failed to allocate 32744 bytes for ChunkPool::allocate
# Possible reasons:
#   The system is out of physical RAM or swap space
#   The process is running with CompressedOops enabled, and the Java Heap may be blocking the growth of the native heap
# Possible solutions:
#   Reduce memory load on the system
#   Increase physical memory or swap space
#   Check if swap backing store is full
#   Decrease Java heap size (-Xmx/-Xms)
#   Decrease number of Java threads
#   Set larger code cache with -XX:ReservedCodeCacheSize=
#   JVM is running with Unscaled Compressed Oops mode in which the Java heap is
#     placed in the first 4GB address space. The Java Heap base address is the
#     maximum limit for the native heap growth. Please use -XX:HeapBaseMinAddress
#     to set the Java Heap base and to place the Java Heap above 4GB virtual address.
# This output file may be truncated or incomplete.
#
#  Out of Memory Error (allocation.cpp:273), pid=8264, tid=0x00000000000021d4
#
# JRE version: Java(TM) SE Runtime Environment (8.0_201-b09) (build 1.8.0_201-b09)
# Java VM: Java HotSpot(TM) 64-Bit Server VM (25.201-b09 mixed mode windows-amd64 compressed oops)
# Failed to write core dump. Minidumps are not enabled by default on client versions of Windows
#

---------------  T H R E A D  ---------------

Current thread (0x0000000016790800):  JavaThread "C1 CompilerThread2" daemon [_thread_in_native, id=8660, stack(0x0000000018010000,0x0000000018110000)]

Stack: [0x0000000018010000,0x0000000018110000]
[error occurred during error reporting (printing stack bounds), id 0xc0000005]

Native frames: (J=compiled Java code, j=interpreted, Vv=VM code, C=native code)


Current CompileTask:
C1: 246860 3626       1       org.springframework.core.ResolvableType::isAssignableFrom (407 bytes)


---------------  P R O C E S S  ---------------

Java Threads: ( => current thread )
  0x000000001aec0000 JavaThread "DestroyJavaVM" [_thread_blocked, id=11836, stack(0x0000000002cf0000,0x0000000002df0000)]
  0x000000001aebe800 JavaThread "http-nio-8080-Acceptor" daemon [_thread_in_native, id=2560, stack(0x000000001d190000,0x000000001d290000)]
  0x000000001aec1000 JavaThread "http-nio-8080-ClientPoller" daemon [_thread_in_native, id=8432, stack(0x000000001d090000,0x000000001d190000)]
  0x000000001aec4800 JavaThread "http-nio-8080-exec-10" daemon [_thread_blocked, id=5692, stack(0x000000001cf90000,0x000000001d090000)]
  0x000000001aebf800 JavaThread "http-nio-8080-exec-9" daemon [_thread_blocked, id=7216, stack(0x000000001ce90000,0x000000001cf90000)]
  0x000000001aeea000 JavaThread "http-nio-8080-exec-8" daemon [_thread_blocked, id=9816, stack(0x000000001cd90000,0x000000001ce90000)]
  0x000000001aee9000 JavaThread "http-nio-8080-exec-7" daemon [_thread_blocked, id=7372, stack(0x000000001cc90000,0x000000001cd90000)]
  0x000000001aee8800 JavaThread "http-nio-8080-exec-6" daemon [_thread_blocked, id=1428, stack(0x000000001cb90000,0x000000001cc90000)]
  0x000000001aee7800 JavaThread "http-nio-8080-exec-5" daemon [_thread_blocked, id=8536, stack(0x000000001ca90000,0x000000001cb90000)]
  0x000000001aee6000 JavaThread "http-nio-8080-exec-4" daemon [_thread_blocked, id=4056, stack(0x000000001c990000,0x000000001ca90000)]
  0x000000001aee4800 JavaThread "http-nio-8080-exec-3" daemon [_thread_blocked, id=8612, stack(0x000000001c890000,0x000000001c990000)]
  0x000000001aee3000 JavaThread "http-nio-8080-exec-2" daemon [_thread_blocked, id=9172, stack(0x000000001c790000,0x000000001c890000)]
  0x000000001aee4000 JavaThread "http-nio-8080-exec-1" daemon [_thread_blocked, id=10972, stack(0x000000001c590000,0x000000001c690000)]
  0x000000001aee5800 JavaThread "http-nio-8080-BlockPoller" daemon [_thread_in_native, id=6576, stack(0x000000001c390000,0x000000001c490000)]
  0x000000001aee7000 JavaThread "Live Reload Server" daemon [_thread_in_native, id=11552, stack(0x000000001c490000,0x000000001c590000)]
  0x000000001ae45800 JavaThread "mysql-cj-abandoned-connection-cleanup" daemon [_thread_blocked, id=10728, stack(0x000000001bf90000,0x000000001c090000)]
  0x000000001ad8b000 JavaThread "container-0" [_thread_blocked, id=1520, stack(0x000000001bc90000,0x000000001bd90000)]
  0x000000001ad8a000 JavaThread "Catalina-utility-2" [_thread_blocked, id=4952, stack(0x000000001b390000,0x000000001b490000)]
  0x000000001ad89800 JavaThread "Catalina-utility-1" [_thread_blocked, id=12256, stack(0x0000000019ac0000,0x0000000019bc0000)]
  0x0000000018a86800 JavaThread "RMI TCP Accept-0" daemon [_thread_in_native, id=10768, stack(0x0000000019350000,0x0000000019450000)]
  0x0000000018a7b000 JavaThread "RMI TCP Accept-54185" daemon [_thread_in_native, id=7588, stack(0x0000000019250000,0x0000000019350000)]
  0x0000000018a66800 JavaThread "RMI TCP Accept-0" daemon [_thread_in_native, id=7164, stack(0x0000000019150000,0x0000000019250000)]
  0x00000000167dd800 JavaThread "Service Thread" daemon [_thread_blocked, id=2940, stack(0x0000000018510000,0x0000000018610000)]
=>0x0000000016790800 JavaThread "C1 CompilerThread2" daemon [_thread_in_native, id=8660, stack(0x0000000018010000,0x0000000018110000)]
  0x0000000016786800 JavaThread "C2 CompilerThread1" daemon [_thread_blocked, id=10312, stack(0x0000000017f10000,0x0000000018010000)]
  0x0000000016781000 JavaThread "C2 CompilerThread0" daemon [_thread_blocked, id=10684, stack(0x0000000017e10000,0x0000000017f10000)]
  0x000000001677f800 JavaThread "Attach Listener" daemon [_thread_blocked, id=11800, stack(0x0000000017d10000,0x0000000017e10000)]
  0x000000001677e800 JavaThread "Signal Dispatcher" daemon [_thread_blocked, id=6848, stack(0x0000000017c10000,0x0000000017d10000)]
  0x0000000002eee000 JavaThread "Finalizer" daemon [_thread_blocked, id=11268, stack(0x00000000179d0000,0x0000000017ad0000)]
  0x0000000002ee3000 JavaThread "Reference Handler" daemon [_thread_blocked, id=9684, stack(0x00000000178d0000,0x00000000179d0000)]

Other Threads:
  0x0000000016747800 VMThread [stack: 0x00000000177d0000,0x00000000178d0000] [id=8548]
  0x0000000018a83000 WatcherThread [stack: 0x00000000195c0000,0x00000000196c0000] [id=6288]

VM state:not at safepoint (normal execution)

VM Mutex/Monitor currently owned by a thread: None

OutOfMemory and StackOverflow Exception counts:
OutOfMemoryError java_heap_errors=1

heap address: 0x00000000a1a00000, size: 1510 MB, Compressed Oops mode: 32-bit
Narrow klass base: 0x0000000000000000, Narrow klass shift: 3
Compressed class space size: 1073741824 Address: 0x0000000100000000

Heap:
 PSYoungGen      total 137728K, used 53653K [0x00000000e0900000, 0x00000000eb280000, 0x0000000100000000)
  eden space 126976K, 33% used [0x00000000e0900000,0x00000000e32ec728,0x00000000e8500000)
  from space 10752K, 99% used [0x00000000e9280000,0x00000000e9cf9070,0x00000000e9d00000)
  to   space 13824K, 0% used [0x00000000e8500000,0x00000000e8500000,0x00000000e9280000)
 ParOldGen       total 41984K, used 12736K [0x00000000a1a00000, 0x00000000a4300000, 0x00000000e0900000)
  object space 41984K, 30% used [0x00000000a1a00000,0x00000000a2670120,0x00000000a4300000)
 Metaspace       used 32578K, capacity 34450K, committed 34560K, reserved 1079296K
  class space    used 4412K, capacity 4773K, committed 4864K, reserved 1048576K

Card table byte_map: [0x00000000122b0000,0x00000000125b0000] byte_map_base: 0x0000000011da3000

Marking Bits: (ParMarkBitMap*) 0x0000000077584ce0
 Begin Bits: [0x0000000012bb0000, 0x0000000014348000)
 End Bits:   [0x0000000014348000, 0x0000000015ae0000)

Polling page: 0x00000000012a0000

CodeCache: size=245760Kb used=7440Kb max_used=7440Kb free=238319Kb
 bounds [0x0000000002ef0000, 0x0000000003640000, 0x0000000011ef0000]
 total_blobs=4072 nmethods=3625 adapters=357
 compilation: enabled

Compilation events (10 events):
Event: 210.800 Thread 0x0000000016790800 nmethod 3621 0x0000000003632dd0 code [0x0000000003632f80, 0x0000000003633458]
Event: 214.950 Thread 0x0000000016790800 3622       1       java.util.HashMap$Values::size (8 bytes)
Event: 214.951 Thread 0x0000000016790800 nmethod 3622 0x0000000003633910 code [0x0000000003633a60, 0x0000000003633b70]
Event: 216.783 Thread 0x0000000016790800 3623       1       java.util.concurrent.locks.AbstractQueuedSynchronizer$ConditionObject::unlinkCancelledWaiters (67 bytes)
Event: 216.783 Thread 0x0000000016790800 nmethod 3623 0x0000000003633c10 code [0x0000000003633d60, 0x0000000003633f30]
Event: 245.889 Thread 0x0000000016790800 3624       1       java.io.File::toString (5 bytes)
Event: 245.890 Thread 0x0000000016790800 nmethod 3624 0x0000000003634010 code [0x0000000003634160, 0x0000000003634270]
Event: 246.742 Thread 0x0000000016790800 3625       1       org.springframework.boot.devtools.filewatch.FileSnapshot::getFile (5 bytes)
Event: 246.742 Thread 0x0000000016790800 nmethod 3625 0x00000000036342d0 code [0x0000000003634420, 0x0000000003634530]
Event: 246.748 Thread 0x0000000016790800 3626       1       org.springframework.core.ResolvableType::isAssignableFrom (407 bytes)

GC Heap History (10 events):
Event: 3.253 GC heap before
{Heap before GC invocations=5 (full 0):
 PSYoungGen      total 53248K, used 15161K [0x00000000e0900000, 0x00000000e4100000, 0x0000000100000000)
  eden space 49152K, 22% used [0x00000000e0900000,0x00000000e13d26f0,0x00000000e3900000)
  from space 4096K, 99% used [0x00000000e3d00000,0x00000000e40fc010,0x00000000e4100000)
  to   space 4096K, 0% used [0x00000000e3900000,0x00000000e3900000,0x00000000e3d00000)
 ParOldGen       total 65536K, used 7109K [0x00000000a1a00000, 0x00000000a5a00000, 0x00000000e0900000)
  object space 65536K, 10% used [0x00000000a1a00000,0x00000000a20f14a0,0x00000000a5a00000)
 Metaspace       used 20502K, capacity 21086K, committed 21248K, reserved 1067008K
  class space    used 2772K, capacity 2948K, committed 3072K, reserved 1048576K
Event: 3.263 GC heap after
Heap after GC invocations=5 (full 0):
 PSYoungGen      total 53248K, used 4064K [0x00000000e0900000, 0x00000000e7900000, 0x0000000100000000)
  eden space 49152K, 0% used [0x00000000e0900000,0x00000000e0900000,0x00000000e3900000)
  from space 4096K, 99% used [0x00000000e3900000,0x00000000e3cf8030,0x00000000e3d00000)
  to   space 8192K, 0% used [0x00000000e7100000,0x00000000e7100000,0x00000000e7900000)
 ParOldGen       total 65536K, used 8339K [0x00000000a1a00000, 0x00000000a5a00000, 0x00000000e0900000)
  object space 65536K, 12% used [0x00000000a1a00000,0x00000000a2224e90,0x00000000a5a00000)
 Metaspace       used 20502K, capacity 21086K, committed 21248K, reserved 1067008K
  class space    used 2772K, capacity 2948K, committed 3072K, reserved 1048576K
}
Event: 3.263 GC heap before
{Heap before GC invocations=6 (full 1):
 PSYoungGen      total 53248K, used 4064K [0x00000000e0900000, 0x00000000e7900000, 0x0000000100000000)
  eden space 49152K, 0% used [0x00000000e0900000,0x00000000e0900000,0x00000000e3900000)
  from space 4096K, 99% used [0x00000000e3900000,0x00000000e3cf8030,0x00000000e3d00000)
  to   space 8192K, 0% used [0x00000000e7100000,0x00000000e7100000,0x00000000e7900000)
 ParOldGen       total 65536K, used 8339K [0x00000000a1a00000, 0x00000000a5a00000, 0x00000000e0900000)
  object space 65536K, 12% used [0x00000000a1a00000,0x00000000a2224e90,0x00000000a5a00000)
 Metaspace       used 20502K, capacity 21086K, committed 21248K, reserved 1067008K
  class space    used 2772K, capacity 2948K, committed 3072K, reserved 1048576K
Event: 3.318 GC heap after
Heap after GC invocations=6 (full 1):
 PSYoungGen      total 53248K, used 0K [0x00000000e0900000, 0x00000000e7900000, 0x0000000100000000)
  eden space 49152K, 0% used [0x00000000e0900000,0x00000000e0900000,0x00000000e3900000)
  from space 4096K, 0% used [0x00000000e3900000,0x00000000e3900000,0x00000000e3d00000)
  to   space 8192K, 0% used [0x00000000e7100000,0x00000000e7100000,0x00000000e7900000)
 ParOldGen       total 41984K, used 5781K [0x00000000a1a00000, 0x00000000a4300000, 0x00000000e0900000)
  object space 41984K, 13% used [0x00000000a1a00000,0x00000000a1fa55e8,0x00000000a4300000)
 Metaspace       used 20500K, capacity 21080K, committed 21248K, reserved 1067008K
  class space    used 2771K, capacity 2947K, committed 3072K, reserved 1048576K
}
Event: 3.784 GC heap before
{Heap before GC invocations=7 (full 1):
 PSYoungGen      total 53248K, used 49152K [0x00000000e0900000, 0x00000000e7900000, 0x0000000100000000)
  eden space 49152K, 100% used [0x00000000e0900000,0x00000000e3900000,0x00000000e3900000)
  from space 4096K, 0% used [0x00000000e3900000,0x00000000e3900000,0x00000000e3d00000)
  to   space 8192K, 0% used [0x00000000e7100000,0x00000000e7100000,0x00000000e7900000)
 ParOldGen       total 41984K, used 5781K [0x00000000a1a00000, 0x00000000a4300000, 0x00000000e0900000)
  object space 41984K, 13% used [0x00000000a1a00000,0x00000000a1fa55e8,0x00000000a4300000)
 Metaspace       used 21974K, capacity 22828K, committed 23040K, reserved 1069056K
  class space    used 2995K, capacity 3212K, committed 3328K, reserved 1048576K
Event: 3.790 GC heap after
Heap after GC invocations=7 (full 1):
 PSYoungGen      total 85504K, used 4146K [0x00000000e0900000, 0x00000000e7580000, 0x0000000100000000)
  eden space 80896K, 0% used [0x00000000e0900000,0x00000000e0900000,0x00000000e5800000)
  from space 4608K, 89% used [0x00000000e7100000,0x00000000e750cb80,0x00000000e7580000)
  to   space 8192K, 0% used [0x00000000e6580000,0x00000000e6580000,0x00000000e6d80000)
 ParOldGen       total 41984K, used 5789K [0x00000000a1a00000, 0x00000000a4300000, 0x00000000e0900000)
  object space 41984K, 13% used [0x00000000a1a00000,0x00000000a1fa75e8,0x00000000a4300000)
 Metaspace       used 21974K, capacity 22828K, committed 23040K, reserved 1069056K
  class space    used 2995K, capacity 3212K, committed 3328K, reserved 1048576K
}
Event: 4.794 GC heap before
{Heap before GC invocations=8 (full 1):
 PSYoungGen      total 85504K, used 85042K [0x00000000e0900000, 0x00000000e7580000, 0x0000000100000000)
  eden space 80896K, 100% used [0x00000000e0900000,0x00000000e5800000,0x00000000e5800000)
  from space 4608K, 89% used [0x00000000e7100000,0x00000000e750cb80,0x00000000e7580000)
  to   space 8192K, 0% used [0x00000000e6580000,0x00000000e6580000,0x00000000e6d80000)
 ParOldGen       total 41984K, used 5789K [0x00000000a1a00000, 0x00000000a4300000, 0x00000000e0900000)
  object space 41984K, 13% used [0x00000000a1a00000,0x00000000a1fa75e8,0x00000000a4300000)
 Metaspace       used 28645K, capacity 29994K, committed 30336K, reserved 1075200K
  class space    used 3860K, capacity 4141K, committed 4224K, reserved 1048576K
Event: 4.806 GC heap after
Heap after GC invocations=8 (full 1):
 PSYoungGen      total 102912K, used 8181K [0x00000000e0900000, 0x00000000e9d00000, 0x0000000100000000)
  eden space 94720K, 0% used [0x00000000e0900000,0x00000000e0900000,0x00000000e6580000)
  from space 8192K, 99% used [0x00000000e6580000,0x00000000e6d7d6e0,0x00000000e6d80000)
  to   space 10752K, 0% used [0x00000000e9280000,0x00000000e9280000,0x00000000e9d00000)
 ParOldGen       total 41984K, used 9227K [0x00000000a1a00000, 0x00000000a4300000, 0x00000000e0900000)
  object space 41984K, 21% used [0x00000000a1a00000,0x00000000a2302d80,0x00000000a4300000)
 Metaspace       used 28645K, capacity 29994K, committed 30336K, reserved 1075200K
  class space    used 3860K, capacity 4141K, committed 4224K, reserved 1048576K
}
Event: 69.896 GC heap before
{Heap before GC invocations=9 (full 1):
 PSYoungGen      total 102912K, used 102901K [0x00000000e0900000, 0x00000000e9d00000, 0x0000000100000000)
  eden space 94720K, 100% used [0x00000000e0900000,0x00000000e6580000,0x00000000e6580000)
  from space 8192K, 99% used [0x00000000e6580000,0x00000000e6d7d6e0,0x00000000e6d80000)
  to   space 10752K, 0% used [0x00000000e9280000,0x00000000e9280000,0x00000000e9d00000)
 ParOldGen       total 41984K, used 9227K [0x00000000a1a00000, 0x00000000a4300000, 0x00000000e0900000)
  object space 41984K, 21% used [0x00000000a1a00000,0x00000000a2302d80,0x00000000a4300000)
 Metaspace       used 32553K, capacity 34400K, committed 34560K, reserved 1079296K
  class space    used 4406K, capacity 4738K, committed 4864K, reserved 1048576K
Event: 69.928 GC heap after
Heap after GC invocations=9 (full 1):
 PSYoungGen      total 137728K, used 10724K [0x00000000e0900000, 0x00000000eb280000, 0x0000000100000000)
  eden space 126976K, 0% used [0x00000000e0900000,0x00000000e0900000,0x00000000e8500000)
  from space 10752K, 99% used [0x00000000e9280000,0x00000000e9cf9070,0x00000000e9d00000)
  to   space 13824K, 0% used [0x00000000e8500000,0x00000000e8500000,0x00000000e9280000)
 ParOldGen       total 41984K, used 12736K [0x00000000a1a00000, 0x00000000a4300000, 0x00000000e0900000)
  object space 41984K, 30% used [0x00000000a1a00000,0x00000000a2670120,0x00000000a4300000)
 Metaspace       used 32553K, capacity 34400K, committed 34560K, reserved 1079296K
  class space    used 4406K, capacity 4738K, committed 4864K, reserved 1048576K
}

Deoptimization events (0 events):
No events

Classes redefined (0 events):
No events

Internal exceptions (10 events):
Event: 5.535 Thread 0x0000000018cc8800 Exception <a 'java/lang/ArrayIndexOutOfBoundsException'> (0x00000000e47c4358) thrown at [C:\re\workspace\8-2-build-windows-amd64-cygwin\jdk8u201\12322\hotspot\src\share\vm\runtime\sharedRuntime.cpp, line 605]
Event: 5.537 Thread 0x0000000018cc8800 Exception <a 'java/lang/ArrayIndexOutOfBoundsException'> (0x00000000e47d0548) thrown at [C:\re\workspace\8-2-build-windows-amd64-cygwin\jdk8u201\12322\hotspot\src\share\vm\runtime\sharedRuntime.cpp, line 605]
Event: 5.539 Thread 0x0000000018cc8800 Exception <a 'java/lang/ArrayIndexOutOfBoundsException'> (0x00000000e4824a18) thrown at [C:\re\workspace\8-2-build-windows-amd64-cygwin\jdk8u201\12322\hotspot\src\share\vm\runtime\sharedRuntime.cpp, line 605]
Event: 5.550 Thread 0x0000000018cc8800 Exception <a 'java/lang/ArrayIndexOutOfBoundsException'> (0x00000000e4969ad0) thrown at [C:\re\workspace\8-2-build-windows-amd64-cygwin\jdk8u201\12322\hotspot\src\share\vm\runtime\sharedRuntime.cpp, line 605]
Event: 5.746 Thread 0x0000000018cc8800 Exception <a 'java/lang/ArrayIndexOutOfBoundsException'> (0x00000000e4f85218) thrown at [C:\re\workspace\8-2-build-windows-amd64-cygwin\jdk8u201\12322\hotspot\src\share\vm\runtime\sharedRuntime.cpp, line 605]
Event: 5.746 Thread 0x0000000018cc8800 Exception <a 'java/lang/ArrayIndexOutOfBoundsException'> (0x00000000e4f861d8) thrown at [C:\re\workspace\8-2-build-windows-amd64-cygwin\jdk8u201\12322\hotspot\src\share\vm\runtime\sharedRuntime.cpp, line 605]
Event: 5.746 Thread 0x0000000018cc8800 Exception <a 'java/lang/ArrayIndexOutOfBoundsException'> (0x00000000e4f888b8) thrown at [C:\re\workspace\8-2-build-windows-amd64-cygwin\jdk8u201\12322\hotspot\src\share\vm\runtime\sharedRuntime.cpp, line 605]
Event: 5.746 Thread 0x0000000018cc8800 Exception <a 'java/lang/ArrayIndexOutOfBoundsException'> (0x00000000e4f8a620) thrown at [C:\re\workspace\8-2-build-windows-amd64-cygwin\jdk8u201\12322\hotspot\src\share\vm\runtime\sharedRuntime.cpp, line 605]
Event: 5.746 Thread 0x0000000018cc8800 Exception <a 'java/lang/ArrayIndexOutOfBoundsException'> (0x00000000e4f8c4d0) thrown at [C:\re\workspace\8-2-build-windows-amd64-cygwin\jdk8u201\12322\hotspot\src\share\vm\runtime\sharedRuntime.cpp, line 605]
Event: 5.746 Thread 0x0000000018cc8800 Exception <a 'java/lang/ArrayIndexOutOfBoundsException'> (0x00000000e4f8e6c0) thrown at [C:\re\workspace\8-2-build-windows-amd64-cygwin\jdk8u201\12322\hotspot\src\share\vm\runtime\sharedRuntime.cpp, line 605]

Events (10 events):
Event: 246.746 loading class org/zeroturnaround/javarebel/ReloaderFactory
Event: 246.746 loading class org/zeroturnaround/javarebel/ReloaderFactory done
Event: 246.746 loading class org/zeroturnaround/javarebel$ReloaderFactory
Event: 246.746 loading class org/zeroturnaround/javarebel$ReloaderFactory done
Event: 246.746 loading class org/hotswap/agent/HotswapAgent
Event: 246.746 loading class org/hotswap/agent/HotswapAgent done
Event: 246.746 loading class org/hotswap/agent$HotswapAgent
Event: 246.746 loading class org/hotswap/agent$HotswapAgent done
Event: 246.749 loading class org/springframework/boot/devtools/autoconfigure/FileWatchingFailureHandler
Event: 246.749 loading class org/springframework/boot/devtools/autoconfigure/FileWatchingFailureHandler done


Dynamic libraries:
0x00007ff6d1170000 - 0x00007ff6d11a7000 	C:\Program Files\Java\jre1.8.0_201\bin\javaw.exe
0x00007ffd35940000 - 0x00007ffd35b30000 	C:\Windows\SYSTEM32\ntdll.dll
0x00007ffd0b380000 - 0x00007ffd0b394000 	C:\Program Files\AVG\Antivirus\aswhook.dll
0x00007ffd346b0000 - 0x00007ffd34762000 	C:\Windows\System32\KERNEL32.DLL
0x00007ffd328d0000 - 0x00007ffd32b73000 	C:\Windows\System32\KERNELBASE.dll
0x00007ffd33fc0000 - 0x00007ffd34063000 	C:\Windows\System32\ADVAPI32.dll
0x00007ffd35640000 - 0x00007ffd356de000 	C:\Windows\System32\msvcrt.dll
0x00007ffd34600000 - 0x00007ffd34697000 	C:\Windows\System32\sechost.dll
0x00007ffd344e0000 - 0x00007ffd34600000 	C:\Windows\System32\RPCRT4.dll
0x00007ffd33df0000 - 0x00007ffd33f83000 	C:\Windows\System32\USER32.dll
0x00007ffd32d20000 - 0x00007ffd32d41000 	C:\Windows\System32\win32u.dll
0x00007ffd33d10000 - 0x00007ffd33d36000 	C:\Windows\System32\GDI32.dll
0x00007ffd32b80000 - 0x00007ffd32d14000 	C:\Windows\System32\gdi32full.dll
0x00007ffd32ea0000 - 0x00007ffd32f3e000 	C:\Windows\System32\msvcp_win.dll
0x00007ffd32da0000 - 0x00007ffd32e9a000 	C:\Windows\System32\ucrtbase.dll
0x00007ffd1a910000 - 0x00007ffd1ab95000 	C:\Windows\WinSxS\amd64_microsoft.windows.common-controls_6595b64144ccf1df_6.0.18362.356_none_e6c4af7d130f27cc\COMCTL32.dll
0x00007ffd34c10000 - 0x00007ffd34f46000 	C:\Windows\System32\combase.dll
0x00007ffd336f0000 - 0x00007ffd33770000 	C:\Windows\System32\bcryptPrimitives.dll
0x00007ffd33ce0000 - 0x00007ffd33d0e000 	C:\Windows\System32\IMM32.DLL
0x0000000077e40000 - 0x0000000077f11000 	C:\Program Files\Java\jre1.8.0_201\bin\msvcr100.dll
0x0000000076d60000 - 0x0000000077604000 	C:\Program Files\Java\jre1.8.0_201\bin\server\jvm.dll
0x00007ffd34880000 - 0x00007ffd34888000 	C:\Windows\System32\PSAPI.DLL
0x00007ffd31320000 - 0x00007ffd31329000 	C:\Windows\SYSTEM32\WSOCK32.dll
0x00007ffd34ba0000 - 0x00007ffd34c0f000 	C:\Windows\System32\WS2_32.dll
0x00007ffd30080000 - 0x00007ffd300a4000 	C:\Windows\SYSTEM32\WINMM.dll
0x00007ffd267f0000 - 0x00007ffd267fa000 	C:\Windows\SYSTEM32\VERSION.dll
0x00007ffd2fc40000 - 0x00007ffd2fc6d000 	C:\Windows\SYSTEM32\WINMMBASE.dll
0x00007ffd32d50000 - 0x00007ffd32d9a000 	C:\Windows\System32\cfgmgr32.dll
0x00007ffd21720000 - 0x00007ffd2172f000 	C:\Program Files\Java\jre1.8.0_201\bin\verify.dll
0x00007ffd07ea0000 - 0x00007ffd07ec9000 	C:\Program Files\Java\jre1.8.0_201\bin\java.dll
0x00007ffd09860000 - 0x00007ffd09876000 	C:\Program Files\Java\jre1.8.0_201\bin\zip.dll
0x00007ffd34f50000 - 0x00007ffd35635000 	C:\Windows\System32\SHELL32.dll
0x00007ffd33d40000 - 0x00007ffd33de9000 	C:\Windows\System32\shcore.dll
0x00007ffd32f40000 - 0x00007ffd336be000 	C:\Windows\System32\windows.storage.dll
0x00007ffd32890000 - 0x00007ffd328af000 	C:\Windows\System32\profapi.dll
0x00007ffd32840000 - 0x00007ffd3288a000 	C:\Windows\System32\powrprof.dll
0x00007ffd32810000 - 0x00007ffd32820000 	C:\Windows\System32\UMPDC.dll
0x00007ffd34820000 - 0x00007ffd34872000 	C:\Windows\System32\shlwapi.dll
0x00007ffd32820000 - 0x00007ffd32831000 	C:\Windows\System32\kernel.appcore.dll
0x00007ffd337d0000 - 0x00007ffd337e7000 	C:\Windows\System32\cryptsp.dll
0x00007ffd168b0000 - 0x00007ffd168bd000 	C:\Program Files\Java\jre1.8.0_201\bin\management.dll
0x00007ffd082d0000 - 0x00007ffd082ea000 	C:\Program Files\Java\jre1.8.0_201\bin\net.dll
0x00007ffd21340000 - 0x00007ffd21516000 	C:\Windows\SYSTEM32\urlmon.dll
0x00007ffd21840000 - 0x00007ffd21ae6000 	C:\Windows\SYSTEM32\iertutil.dll
0x00007ffd32250000 - 0x00007ffd3225c000 	C:\Windows\SYSTEM32\CRYPTBASE.DLL
0x00007ffd32020000 - 0x00007ffd32087000 	C:\Windows\system32\mswsock.dll
0x00007ffd04e70000 - 0x00007ffd04e81000 	C:\Program Files\Java\jre1.8.0_201\bin\nio.dll
0x00007ffd0e080000 - 0x00007ffd0e096000 	C:\Windows\system32\napinsp.dll
0x00007ffd0b330000 - 0x00007ffd0b34a000 	C:\Windows\system32\pnrpnsp.dll
0x00007ffd31d70000 - 0x00007ffd31e3a000 	C:\Windows\SYSTEM32\DNSAPI.dll
0x00007ffd33f90000 - 0x00007ffd33f98000 	C:\Windows\System32\NSI.dll
0x00007ffd31d30000 - 0x00007ffd31d6a000 	C:\Windows\SYSTEM32\IPHLPAPI.DLL
0x00007ffd0e070000 - 0x00007ffd0e07e000 	C:\Windows\System32\winrnr.dll
0x00007ffd2e5d0000 - 0x00007ffd2e5ec000 	C:\Windows\system32\NLAapi.dll
0x00007ffd2c9b0000 - 0x00007ffd2c9c5000 	C:\Windows\system32\wshbth.dll
0x00007ffd25370000 - 0x00007ffd2537a000 	C:\Windows\System32\rasadhlp.dll
0x00007ffd26400000 - 0x00007ffd26477000 	C:\Windows\System32\fwpuclnt.dll
0x00007ffd336c0000 - 0x00007ffd336e6000 	C:\Windows\System32\bcrypt.dll
0x00007ffd31b90000 - 0x00007ffd31bc3000 	C:\Windows\system32\rsaenh.dll
0x00007ffd32730000 - 0x00007ffd32755000 	C:\Windows\SYSTEM32\USERENV.dll
0x00007ffd266b0000 - 0x00007ffd266c6000 	C:\Windows\SYSTEM32\dhcpcsvc6.DLL
0x00007ffd265c0000 - 0x00007ffd265dc000 	C:\Windows\SYSTEM32\dhcpcsvc.DLL

VM Arguments:
jvm_args: -Dcom.sun.management.jmxremote -Dcom.sun.management.jmxremote.port=54185 -Dcom.sun.management.jmxremote.authenticate=false -Dcom.sun.management.jmxremote.ssl=false -Djava.rmi.server.hostname=localhost -Dspring.jmx.enabled=true -Dspring.application.admin.enabled=true -Xverify:none -XX:TieredStopAtLevel=1 -Dfile.encoding=UTF-8 
java_command: com.sena.webmotor.CrudpruebaApplication --spring.output.ansi.enabled=always
java_class_path (initial): C:\web_motor\web-motor-backend-spring\webmotorS\webmotor\target\classes;C:\Users\Cristian Lopez\.m2\repository\org\springframework\boot\spring-boot-starter-jdbc\2.1.6.RELEASE\spring-boot-starter-jdbc-2.1.6.RELEASE.jar;C:\Users\Cristian Lopez\.m2\repository\org\springframework\boot\spring-boot-starter\2.1.6.RELEASE\spring-boot-starter-2.1.6.RELEASE.jar;C:\Users\Cristian Lopez\.m2\repository\org\springframework\boot\spring-boot-starter-logging\2.1.6.RELEASE\spring-boot-starter-logging-2.1.6.RELEASE.jar;C:\Users\Cristian Lopez\.m2\repository\ch\qos\logback\logback-classic\1.2.3\logback-classic-1.2.3.jar;C:\Users\Cristian Lopez\.m2\repository\ch\qos\logback\logback-core\1.2.3\logback-core-1.2.3.jar;C:\Users\Cristian Lopez\.m2\repository\org\apache\logging\log4j\log4j-to-slf4j\2.11.2\log4j-to-slf4j-2.11.2.jar;C:\Users\Cristian Lopez\.m2\repository\org\apache\logging\log4j\log4j-api\2.11.2\log4j-api-2.11.2.jar;C:\Users\Cristian Lopez\.m2\repository\org\slf4j\jul-to-slf4j\1.7.26\jul-to-slf4j-1.7.26.jar;C:\Users\Cristian Lopez\.m2\repository\org\yaml\snakeyaml\1.23\snakeyaml-1.23.jar;C:\Users\Cristian Lopez\.m2\repository\com\zaxxer\HikariCP\3.2.0\HikariCP-3.2.0.jar;C:\Users\Cristian Lopez\.m2\repository\org\slf4j\slf4j-api\1.7.26\slf4j-api-1.7.26.jar;C:\Users\Cristian Lopez\.m2\repository\org\springframework\spring-jdbc\5.1.8.RELEASE\spring-jdbc-5.1.8.RELEASE.jar;C:\Users\Cristian Lopez\.m2\repository\org\springframework\spring-beans\5.1.8.RELEASE\spring-beans-5.1.8.RELEASE.jar;C:\Users\Cristian Lopez\.m2\repository\org\springframework\spring-tx\5.1.8.RELEASE\spring-tx-5.1.8.RELEASE.jar;C:\Users\Cristian Lopez\.m2\repository\com\itextpdf\itextpdf\5.5.12\itextpdf-5.5.12.jar;C:\Users\Cristian Lopez\.m2\repository\org\springframework\boot\spring-boot-starter-web\2.1.6.RELEASE\spring-boot-starter-web-2.1.6.RELEASE.jar;C:\Users\Cristian Lopez\.m2\repository\org\springframework\boot\spring-boot-starter-json\2.1.6.RELEASE\spring-boot-starter-json-2.1.
Launcher Type: SUN_STANDARD

Environment Variables:
PATH=C:/Program Files/Java/jre1.8.0_201/bin/server;C:/Program Files/Java/jre1.8.0_201/bin;C:/Program Files/Java/jre1.8.0_201/lib/amd64;C:\Program Files (x86)\Common Files\Oracle\Java\javapath;C:\Windows\system32;C:\Windows;C:\Windows\System32\Wbem;C:\Windows\System32\WindowsPowerShell\v1.0\;C:\Windows\System32\OpenSSH\;C:\Program Files\Microsoft SQL Server\Client SDK\ODBC\130\Tools\Binn\;C:\Program Files (x86)\Microsoft SQL Server\140\Tools\Binn\;C:\Program Files\Microsoft SQL Server\140\Tools\Binn\;C:\Program Files\Microsoft SQL Server\140\DTS\Binn\;C:\Program Files (x86)\Microsoft SQL Server\150\DTS\Binn\;C:\Program Files\nodejs\;C:\Program Files\Git\cmd;C:\Users\Cristian Lopez\AppData\Local\Microsoft\WindowsApps;;C:\Users\Cristian Lopez\AppData\Local\Programs\Microsoft VS Code\bin;C:\Users\Cristian Lopez\AppData\Roaming\npm;C:\sts-4.3.0.RELEASE;
USERNAME=Cristian Lopez
OS=Windows_NT
PROCESSOR_IDENTIFIER=Intel64 Family 6 Model 78 Stepping 3, GenuineIntel



---------------  S Y S T E M  ---------------

OS: Windows 10.0 , 64 bit Build 18362 (10.0.18362.329)

CPU:total 4 (initial active 4) (2 cores per cpu, 2 threads per core) family 6 model 78 stepping 3, cmov, cx8, fxsr, mmx, sse, sse2, sse3, ssse3, sse4.1, sse4.2, popcnt, avx, avx2, aes, clmul, erms, rtm, 3dnowpref, lzcnt, ht, tsc, tscinvbit, bmi1, bmi2, adx

Memory: 4k page, physical 6182192k(873504k free), swap 25056560k(0k free)

vm_info: Java HotSpot(TM) 64-Bit Server VM (25.201-b09) for windows-amd64 JRE (1.8.0_201-b09), built on Dec 15 2018 18:36:39 by "java_re" with MS VC++ 10.0 (VS2010)

time: Mon Sep 30 08:33:57 2019
timezone: Hora est. Pacífico, Sudamérica
elapsed time: 246 seconds (0d 0h 4m 6s)

